<?xml version="1.0" encoding="UTF-8"?>
<!-- Generated by org.testng.reporters.JUnitXMLReporter -->
<testsuite hostname="ASDP1727PO02529" ignored="1" name="Default test" tests="6" failures="0" timestamp="28 Jul 2017 06:14:28 GMT" time="12.135" errors="0">
  <testcase name="makeDatabaseConnection" time="0.265" classname="com.qait.automation.assignment5.TatocAdvance"/>
  <testcase name="tatocAdvanceTest" time="8.68" classname="com.qait.automation.assignment5.TatocAdvance"/>
  <testcase name="credentialsEntry" time="1.114" classname="com.qait.automation.assignment5.TatocAdvance"/>
  <testcase name="getSessionId" time="0.102" classname="com.qait.automation.assignment5.TatocAdvance"/>
  <testcase name="generateToken" time="1.795" classname="com.qait.automation.assignment5.TatocAdvance"/>
  <testcase name="registerForAccess" time="0.143" classname="com.qait.automation.assignment5.TatocAdvance"/>
  <testcase name="fileHandle" time="0.0" classname="com.qait.automation.assignment5.TatocAdvance">
    <ignored/>
  </testcase> <!-- fileHandle -->
</testsuite> <!-- Default test -->
